<?xml version="1.0" encoding="utf-8"?><testsuites><testsuite name="pytest" errors="0" failures="0" skipped="0" tests="7" time="1.355" timestamp="2021-12-26T13:44:44.232637" hostname="Sions-MacBook-Air.local"><testcase classname="tests.api.test_users" name="test_fetch_users" time="0.281" /><testcase classname="tests.api.test_users" name="test_fetch_users_empty_db" time="0.165" /><testcase classname="tests.api.test_users" name="test_fetch_users_not_auth" time="0.161" /><testcase classname="tests.api.test_users" name="test_fetch_users_auth_as_standard_user" time="0.173" /><testcase classname="tests.repository.test_users_repo" name="test_get_by_email" time="0.204" /><testcase classname="tests.repository.test_users_repo" name="test_get_by_email_not_exists" time="0.157" /><testcase classname="tests.repository.test_users_repo" name="test_get_by_email_no_session" time="0.154" /></testsuite></testsuites>