<?xml version="1.0" encoding="utf-8"?><testsuites><testsuite name="pytest" errors="0" failures="0" skipped="0" tests="34" time="8.877" timestamp="2022-01-31T16:47:59.389977" hostname="Sions-Air.fritz.box"><testcase classname="tests.api.test_adapters" name="test_create_adapter_no_body" time="0.324" /><testcase classname="tests.api.test_adapters" name="test_create_adapter_no_user" time="0.203" /><testcase classname="tests.api.test_adapters" name="test_create_adapter_standard_user" time="0.229" /><testcase classname="tests.api.test_adapters" name="test_create_adapter_bearer_token" time="0.240" /><testcase classname="tests.api.test_adapters" name="test_create_adapter_conflict" time="0.272" /><testcase classname="tests.api.test_adapters" name="test_fetch_adapters" time="0.307" /><testcase classname="tests.api.test_adapters" name="test_fetch_adapters_empty_db" time="0.327" /><testcase classname="tests.api.test_adapters" name="test_fetch_adapters_not_auth" time="0.220" /><testcase classname="tests.api.test_adapters" name="test_fetch_adapters_auth_as_standard_user" time="0.212" /><testcase classname="tests.api.test_auth" name="test_login" time="0.313" /><testcase classname="tests.api.test_auth" name="test_login_bad_password" time="0.284" /><testcase classname="tests.api.test_auth" name="test_login_user_not_exist" time="0.213" /><testcase classname="tests.api.test_auth" name="test_refresh" time="0.235" /><testcase classname="tests.api.test_auth" name="test_refresh_incorrect_type" time="0.222" /><testcase classname="tests.api.test_users" name="test_fetch_users" time="0.248" /><testcase classname="tests.api.test_users" name="test_fetch_users_empty_db" time="0.214" /><testcase classname="tests.api.test_users" name="test_fetch_users_not_auth" time="0.215" /><testcase classname="tests.api.test_users" name="test_fetch_users_auth_as_standard_user" time="0.239" /><testcase classname="tests.api.test_users" name="test_update_user_by_id" time="0.234" /><testcase classname="tests.api.test_users" name="test_update_user_by_id_no_entry" time="0.223" /><testcase classname="tests.api.test_users" name="test_delete_user_by_id" time="0.236" /><testcase classname="tests.api.test_users" name="test_delete_user_by_id_no_entry" time="0.213" /><testcase classname="tests.app.test_security" name="test_verify_password" time="0.437" /><testcase classname="tests.app.test_security" name="test_verify_password_false" time="0.190" /><testcase classname="tests.domain.test_auth" name="test_create_token" time="0.254" /><testcase classname="tests.repository.test_users_repo" name="test_get" time="0.208" /><testcase classname="tests.repository.test_users_repo" name="test_get_no_user" time="0.197" /><testcase classname="tests.repository.test_users_repo" name="test_list" time="0.205" /><testcase classname="tests.repository.test_users_repo" name="test_update" time="0.214" /><testcase classname="tests.repository.test_users_repo" name="test_get_by_email" time="0.258" /><testcase classname="tests.repository.test_users_repo" name="test_get_by_email_not_exists" time="0.259" /><testcase classname="tests.repository.test_users_repo" name="test_get_by_email_no_session" time="0.260" /><testcase classname="tests.repository.test_users_repo" name="test_create" time="0.469" /><testcase classname="tests.repository.test_users_repo" name="test_create_no_user" time="0.193" /></testsuite></testsuites>