<?xml version="1.0" encoding="utf-8"?><testsuites><testsuite name="pytest" errors="0" failures="0" skipped="0" tests="34" time="8.686" timestamp="2022-01-31T17:44:30.287648" hostname="Sions-Air.fritz.box"><testcase classname="tests.api.test_adapters" name="test_create_adapter_no_body" time="0.341" /><testcase classname="tests.api.test_adapters" name="test_create_adapter_no_user" time="0.236" /><testcase classname="tests.api.test_adapters" name="test_create_adapter_standard_user" time="0.222" /><testcase classname="tests.api.test_adapters" name="test_create_adapter_bearer_token" time="0.221" /><testcase classname="tests.api.test_adapters" name="test_create_adapter_conflict" time="0.218" /><testcase classname="tests.api.test_adapters" name="test_fetch_adapters" time="0.247" /><testcase classname="tests.api.test_adapters" name="test_fetch_adapters_empty_db" time="0.204" /><testcase classname="tests.api.test_adapters" name="test_fetch_adapters_not_auth" time="0.217" /><testcase classname="tests.api.test_adapters" name="test_fetch_adapters_auth_as_standard_user" time="0.250" /><testcase classname="tests.api.test_auth" name="test_login" time="0.308" /><testcase classname="tests.api.test_auth" name="test_login_bad_password" time="0.265" /><testcase classname="tests.api.test_auth" name="test_login_user_not_exist" time="0.252" /><testcase classname="tests.api.test_auth" name="test_refresh" time="0.209" /><testcase classname="tests.api.test_auth" name="test_refresh_incorrect_type" time="0.261" /><testcase classname="tests.api.test_users" name="test_fetch_users" time="0.219" /><testcase classname="tests.api.test_users" name="test_fetch_users_empty_db" time="0.213" /><testcase classname="tests.api.test_users" name="test_fetch_users_not_auth" time="0.234" /><testcase classname="tests.api.test_users" name="test_fetch_users_auth_as_standard_user" time="0.229" /><testcase classname="tests.api.test_users" name="test_update_user_by_id" time="0.229" /><testcase classname="tests.api.test_users" name="test_update_user_by_id_no_entry" time="0.205" /><testcase classname="tests.api.test_users" name="test_delete_user_by_id" time="0.216" /><testcase classname="tests.api.test_users" name="test_delete_user_by_id_no_entry" time="0.208" /><testcase classname="tests.app.test_security" name="test_verify_password" time="0.445" /><testcase classname="tests.app.test_security" name="test_verify_password_false" time="0.186" /><testcase classname="tests.domain.test_auth" name="test_create_token" time="0.245" /><testcase classname="tests.repository.test_users_repo" name="test_get" time="0.199" /><testcase classname="tests.repository.test_users_repo" name="test_get_no_user" time="0.204" /><testcase classname="tests.repository.test_users_repo" name="test_list" time="0.246" /><testcase classname="tests.repository.test_users_repo" name="test_update" time="0.215" /><testcase classname="tests.repository.test_users_repo" name="test_get_by_email" time="0.225" /><testcase classname="tests.repository.test_users_repo" name="test_get_by_email_not_exists" time="0.259" /><testcase classname="tests.repository.test_users_repo" name="test_get_by_email_no_session" time="0.240" /><testcase classname="tests.repository.test_users_repo" name="test_create" time="0.527" /><testcase classname="tests.repository.test_users_repo" name="test_create_no_user" time="0.217" /></testsuite></testsuites>