<?xml version="1.0" encoding="utf-8"?><testsuites><testsuite name="pytest" errors="0" failures="0" skipped="0" tests="13" time="2.577" timestamp="2021-12-26T18:01:00.298243" hostname="Sions-MacBook-Air.local"><testcase classname="tests.api.test_users" name="test_fetch_users" time="0.246" /><testcase classname="tests.api.test_users" name="test_fetch_users_empty_db" time="0.160" /><testcase classname="tests.api.test_users" name="test_fetch_users_not_auth" time="0.158" /><testcase classname="tests.api.test_users" name="test_fetch_users_auth_as_standard_user" time="0.163" /><testcase classname="tests.repository.test_users_repo" name="test_get" time="0.193" /><testcase classname="tests.repository.test_users_repo" name="test_get_no_user" time="0.154" /><testcase classname="tests.repository.test_users_repo" name="test_list" time="0.167" /><testcase classname="tests.repository.test_users_repo" name="test_update" time="0.164" /><testcase classname="tests.repository.test_users_repo" name="test_get_by_email" time="0.164" /><testcase classname="tests.repository.test_users_repo" name="test_get_by_email_not_exists" time="0.166" /><testcase classname="tests.repository.test_users_repo" name="test_get_by_email_no_session" time="0.160" /><testcase classname="tests.repository.test_users_repo" name="test_create" time="0.466" /><testcase classname="tests.repository.test_users_repo" name="test_create_no_user" time="0.140" /></testsuite></testsuites>