<?xml version="1.0" encoding="utf-8"?><testsuites><testsuite name="pytest" errors="0" failures="0" skipped="0" tests="29" time="7.293" timestamp="2022-01-31T16:16:12.987041" hostname="Sions-Air.fritz.box"><testcase classname="tests.api.test_adapters" name="test_create_adapter_no_body" time="0.300" /><testcase classname="tests.api.test_adapters" name="test_create_adapter_no_user" time="0.200" /><testcase classname="tests.api.test_adapters" name="test_create_adapter_standard_user" time="0.223" /><testcase classname="tests.api.test_adapters" name="test_create_adapter_bearer_token" time="0.229" /><testcase classname="tests.api.test_adapters" name="test_create_adapter_conflict" time="0.220" /><testcase classname="tests.api.test_adapters" name="test_fetch_adapters" time="0.244" /><testcase classname="tests.api.test_adapters" name="test_fetch_adapters_empty_db" time="0.216" /><testcase classname="tests.api.test_adapters" name="test_fetch_adapters_not_auth" time="0.226" /><testcase classname="tests.api.test_adapters" name="test_fetch_adapters_auth_as_standard_user" time="0.218" /><testcase classname="tests.api.test_users" name="test_fetch_users" time="0.213" /><testcase classname="tests.api.test_users" name="test_fetch_users_empty_db" time="0.228" /><testcase classname="tests.api.test_users" name="test_fetch_users_not_auth" time="0.194" /><testcase classname="tests.api.test_users" name="test_fetch_users_auth_as_standard_user" time="0.239" /><testcase classname="tests.api.test_users" name="test_update_user_by_id" time="0.246" /><testcase classname="tests.api.test_users" name="test_update_user_by_id_no_entry" time="0.209" /><testcase classname="tests.api.test_users" name="test_delete_user_by_id" time="0.237" /><testcase classname="tests.api.test_users" name="test_delete_user_by_id_no_entry" time="0.216" /><testcase classname="tests.app.test_security" name="test_verify_password" time="0.452" /><testcase classname="tests.app.test_security" name="test_verify_password_false" time="0.201" /><testcase classname="tests.domain.test_auth" name="test_create_token" time="0.280" /><testcase classname="tests.repository.test_users_repo" name="test_get" time="0.231" /><testcase classname="tests.repository.test_users_repo" name="test_get_no_user" time="0.190" /><testcase classname="tests.repository.test_users_repo" name="test_list" time="0.222" /><testcase classname="tests.repository.test_users_repo" name="test_update" time="0.208" /><testcase classname="tests.repository.test_users_repo" name="test_get_by_email" time="0.229" /><testcase classname="tests.repository.test_users_repo" name="test_get_by_email_not_exists" time="0.270" /><testcase classname="tests.repository.test_users_repo" name="test_get_by_email_no_session" time="0.227" /><testcase classname="tests.repository.test_users_repo" name="test_create" time="0.468" /><testcase classname="tests.repository.test_users_repo" name="test_create_no_user" time="0.199" /></testsuite></testsuites>