<?xml version="1.0" encoding="utf-8"?><testsuites><testsuite name="pytest" errors="0" failures="0" skipped="0" tests="16" time="3.348" timestamp="2021-12-28T13:19:07.268220" hostname="Sions-MacBook-Air.local"><testcase classname="tests.api.test_users" name="test_fetch_users" time="0.283" /><testcase classname="tests.api.test_users" name="test_fetch_users_empty_db" time="0.165" /><testcase classname="tests.api.test_users" name="test_fetch_users_not_auth" time="0.165" /><testcase classname="tests.api.test_users" name="test_fetch_users_auth_as_standard_user" time="0.171" /><testcase classname="tests.app.test_security" name="test_verify_password" time="0.434" /><testcase classname="tests.app.test_security" name="test_verify_password_false" time="0.147" /><testcase classname="tests.domain.test_auth" name="test_create_token" time="0.198" /><testcase classname="tests.repository.test_users_repo" name="test_get" time="0.161" /><testcase classname="tests.repository.test_users_repo" name="test_get_no_user" time="0.151" /><testcase classname="tests.repository.test_users_repo" name="test_list" time="0.176" /><testcase classname="tests.repository.test_users_repo" name="test_update" time="0.157" /><testcase classname="tests.repository.test_users_repo" name="test_get_by_email" time="0.169" /><testcase classname="tests.repository.test_users_repo" name="test_get_by_email_not_exists" time="0.177" /><testcase classname="tests.repository.test_users_repo" name="test_get_by_email_no_session" time="0.171" /><testcase classname="tests.repository.test_users_repo" name="test_create" time="0.427" /><testcase classname="tests.repository.test_users_repo" name="test_create_no_user" time="0.146" /></testsuite></testsuites>