<?xml version="1.0" encoding="utf-8"?><testsuites><testsuite name="pytest" errors="0" failures="0" skipped="0" tests="43" time="11.174" timestamp="2022-01-06T14:50:47.970750" hostname="Sions-MacBook-Air.local"><testcase classname="tests.api.test_adapters" name="test_create_adapter_no_body" time="0.326" /><testcase classname="tests.api.test_adapters" name="test_create_adapter_no_user" time="0.218" /><testcase classname="tests.api.test_adapters" name="test_create_adapter_standard_user" time="0.223" /><testcase classname="tests.api.test_adapters" name="test_create_adapter_bearer_token" time="0.241" /><testcase classname="tests.api.test_adapters" name="test_create_adapter_bearer_token_not_encrypted" time="0.247" /><testcase classname="tests.api.test_adapters" name="test_create_adapter_conflict" time="0.226" /><testcase classname="tests.api.test_adapters" name="test_fetch_adapters" time="0.262" /><testcase classname="tests.api.test_adapters" name="test_fetch_adapters_token_not_encrypted" time="0.241" /><testcase classname="tests.api.test_adapters" name="test_fetch_adapters_empty_db" time="0.216" /><testcase classname="tests.api.test_adapters" name="test_fetch_adapters_not_auth" time="0.275" /><testcase classname="tests.api.test_adapters" name="test_fetch_adapters_auth_as_standard_user" time="0.253" /><testcase classname="tests.api.test_users" name="test_fetch_users" time="0.289" /><testcase classname="tests.api.test_users" name="test_fetch_users_empty_db" time="0.289" /><testcase classname="tests.api.test_users" name="test_fetch_users_not_auth" time="0.254" /><testcase classname="tests.api.test_users" name="test_fetch_users_auth_as_standard_user" time="0.218" /><testcase classname="tests.api.test_users" name="test_update_user_by_id[data0]" time="0.251" /><testcase classname="tests.api.test_users" name="test_update_user_by_id[data1]" time="0.290" /><testcase classname="tests.api.test_users" name="test_update_user_by_id[data2]" time="0.235" /><testcase classname="tests.api.test_users" name="test_update_user_by_id[data3]" time="0.239" /><testcase classname="tests.api.test_users" name="test_update_user_by_id[data4]" time="0.230" /><testcase classname="tests.api.test_users" name="test_update_user_by_id[data5]" time="0.240" /><testcase classname="tests.api.test_users" name="test_update_user_by_id[data6]" time="0.229" /><testcase classname="tests.api.test_users" name="test_update_user_by_id[data7]" time="0.254" /><testcase classname="tests.api.test_users" name="test_update_user_by_id[data8]" time="0.315" /><testcase classname="tests.api.test_users" name="test_update_user_by_id[data9]" time="0.235" /><testcase classname="tests.api.test_users" name="test_update_user_by_id[data10]" time="0.244" /><testcase classname="tests.api.test_users" name="test_update_user_by_id[data11]" time="0.232" /><testcase classname="tests.api.test_users" name="test_update_user_by_id[data12]" time="0.238" /><testcase classname="tests.api.test_users" name="test_update_user_by_id_no_entry" time="0.234" /><testcase classname="tests.api.test_users" name="test_delete_user_by_id" time="0.220" /><testcase classname="tests.api.test_users" name="test_delete_user_by_id_no_entry" time="0.231" /><testcase classname="tests.app.test_security" name="test_verify_password" time="0.479" /><testcase classname="tests.app.test_security" name="test_verify_password_false" time="0.191" /><testcase classname="tests.domain.test_auth" name="test_create_token" time="0.247" /><testcase classname="tests.repository.test_users_repo" name="test_get" time="0.221" /><testcase classname="tests.repository.test_users_repo" name="test_get_no_user" time="0.238" /><testcase classname="tests.repository.test_users_repo" name="test_list" time="0.232" /><testcase classname="tests.repository.test_users_repo" name="test_update" time="0.214" /><testcase classname="tests.repository.test_users_repo" name="test_get_by_email" time="0.248" /><testcase classname="tests.repository.test_users_repo" name="test_get_by_email_not_exists" time="0.219" /><testcase classname="tests.repository.test_users_repo" name="test_get_by_email_no_session" time="0.231" /><testcase classname="tests.repository.test_users_repo" name="test_create" time="0.467" /><testcase classname="tests.repository.test_users_repo" name="test_create_no_user" time="0.211" /></testsuite></testsuites>