<?xml version="1.0" encoding="utf-8"?><testsuites><testsuite name="pytest" errors="0" failures="0" skipped="0" tests="32" time="6.392" timestamp="2021-12-28T15:14:47.778887" hostname="Sions-MacBook-Air.local"><testcase classname="tests.api.test_users" name="test_fetch_users" time="0.289" /><testcase classname="tests.api.test_users" name="test_fetch_users_empty_db" time="0.167" /><testcase classname="tests.api.test_users" name="test_fetch_users_not_auth" time="0.169" /><testcase classname="tests.api.test_users" name="test_fetch_users_auth_as_standard_user" time="0.171" /><testcase classname="tests.api.test_users" name="test_update_user_by_id[data0]" time="0.201" /><testcase classname="tests.api.test_users" name="test_update_user_by_id[data1]" time="0.180" /><testcase classname="tests.api.test_users" name="test_update_user_by_id[data2]" time="0.188" /><testcase classname="tests.api.test_users" name="test_update_user_by_id[data3]" time="0.183" /><testcase classname="tests.api.test_users" name="test_update_user_by_id[data4]" time="0.192" /><testcase classname="tests.api.test_users" name="test_update_user_by_id[data5]" time="0.193" /><testcase classname="tests.api.test_users" name="test_update_user_by_id[data6]" time="0.189" /><testcase classname="tests.api.test_users" name="test_update_user_by_id[data7]" time="0.196" /><testcase classname="tests.api.test_users" name="test_update_user_by_id[data8]" time="0.183" /><testcase classname="tests.api.test_users" name="test_update_user_by_id[data9]" time="0.173" /><testcase classname="tests.api.test_users" name="test_update_user_by_id[data10]" time="0.176" /><testcase classname="tests.api.test_users" name="test_update_user_by_id[data11]" time="0.180" /><testcase classname="tests.api.test_users" name="test_update_user_by_id[data12]" time="0.177" /><testcase classname="tests.api.test_users" name="test_update_user_by_id_no_entry" time="0.187" /><testcase classname="tests.api.test_users" name="test_delete_user_by_id" time="0.181" /><testcase classname="tests.api.test_users" name="test_delete_user_by_id_no_entry" time="0.180" /><testcase classname="tests.app.test_security" name="test_verify_password" time="0.454" /><testcase classname="tests.app.test_security" name="test_verify_password_false" time="0.147" /><testcase classname="tests.domain.test_auth" name="test_create_token" time="0.181" /><testcase classname="tests.repository.test_users_repo" name="test_get" time="0.163" /><testcase classname="tests.repository.test_users_repo" name="test_get_no_user" time="0.156" /><testcase classname="tests.repository.test_users_repo" name="test_list" time="0.164" /><testcase classname="tests.repository.test_users_repo" name="test_update" time="0.177" /><testcase classname="tests.repository.test_users_repo" name="test_get_by_email" time="0.208" /><testcase classname="tests.repository.test_users_repo" name="test_get_by_email_not_exists" time="0.164" /><testcase classname="tests.repository.test_users_repo" name="test_get_by_email_no_session" time="0.173" /><testcase classname="tests.repository.test_users_repo" name="test_create" time="0.425" /><testcase classname="tests.repository.test_users_repo" name="test_create_no_user" time="0.167" /></testsuite></testsuites>