<?xml version="1.0" encoding="utf-8"?><testsuites><testsuite name="pytest" errors="0" failures="0" skipped="0" tests="4" time="0.814" timestamp="2021-12-26T12:11:46.918130" hostname="Sions-MacBook-Air.local"><testcase classname="tests.api.test_users" name="test_fetch_users" time="0.275" /><testcase classname="tests.api.test_users" name="test_fetch_users_empty_db" time="0.162" /><testcase classname="tests.api.test_users" name="test_fetch_users_not_auth" time="0.175" /><testcase classname="tests.api.test_users" name="test_fetch_users_auth_as_standard_user" time="0.177" /></testsuite></testsuites>