<?xml version="1.0" encoding="utf-8"?><testsuites><testsuite name="pytest" errors="0" failures="0" skipped="0" tests="30" time="10.060" timestamp="2022-01-31T23:24:06.454110" hostname="Sions-Air.fritz.box"><testcase classname="tests.api.test_adapters" name="test_create_adapter_no_body" time="0.336" /><testcase classname="tests.api.test_adapters" name="test_create_adapter_no_user" time="0.210" /><testcase classname="tests.api.test_adapters" name="test_create_adapter_standard_user" time="0.201" /><testcase classname="tests.api.test_adapters" name="test_create_adapter_volvo_caretrack" time="0.732" /><testcase classname="tests.api.test_adapters" name="test_create_adapter_wacker_neuson_kramer" time="1.860" /><testcase classname="tests.api.test_auth" name="test_login" time="0.287" /><testcase classname="tests.api.test_auth" name="test_login_bad_password" time="0.274" /><testcase classname="tests.api.test_auth" name="test_login_user_not_exist" time="0.211" /><testcase classname="tests.api.test_auth" name="test_refresh" time="0.225" /><testcase classname="tests.api.test_auth" name="test_refresh_incorrect_type" time="0.221" /><testcase classname="tests.api.test_users" name="test_fetch_users" time="0.285" /><testcase classname="tests.api.test_users" name="test_fetch_users_empty_db" time="0.264" /><testcase classname="tests.api.test_users" name="test_fetch_users_not_auth" time="0.257" /><testcase classname="tests.api.test_users" name="test_fetch_users_auth_as_standard_user" time="0.278" /><testcase classname="tests.api.test_users" name="test_update_user_by_id" time="0.284" /><testcase classname="tests.api.test_users" name="test_update_user_by_id_no_entry" time="0.230" /><testcase classname="tests.api.test_users" name="test_delete_user_by_id" time="0.240" /><testcase classname="tests.api.test_users" name="test_delete_user_by_id_no_entry" time="0.242" /><testcase classname="tests.app.test_security" name="test_verify_password" time="0.434" /><testcase classname="tests.app.test_security" name="test_verify_password_false" time="0.191" /><testcase classname="tests.domain.test_auth" name="test_create_token" time="0.267" /><testcase classname="tests.repository.test_users_repo" name="test_get" time="0.214" /><testcase classname="tests.repository.test_users_repo" name="test_get_no_user" time="0.203" /><testcase classname="tests.repository.test_users_repo" name="test_list" time="0.244" /><testcase classname="tests.repository.test_users_repo" name="test_update" time="0.216" /><testcase classname="tests.repository.test_users_repo" name="test_get_by_email" time="0.231" /><testcase classname="tests.repository.test_users_repo" name="test_get_by_email_not_exists" time="0.222" /><testcase classname="tests.repository.test_users_repo" name="test_get_by_email_no_session" time="0.219" /><testcase classname="tests.repository.test_users_repo" name="test_create" time="0.478" /><testcase classname="tests.repository.test_users_repo" name="test_create_no_user" time="0.209" /></testsuite></testsuites>