<?xml version="1.0" encoding="utf-8"?><testsuites><testsuite name="pytest" errors="0" failures="0" skipped="0" tests="32" time="6.312" timestamp="2021-12-28T15:16:57.442664" hostname="Sions-MacBook-Air.local"><testcase classname="tests.api.test_users" name="test_fetch_users" time="0.287" /><testcase classname="tests.api.test_users" name="test_fetch_users_empty_db" time="0.177" /><testcase classname="tests.api.test_users" name="test_fetch_users_not_auth" time="0.157" /><testcase classname="tests.api.test_users" name="test_fetch_users_auth_as_standard_user" time="0.157" /><testcase classname="tests.api.test_users" name="test_update_user_by_id[data0]" time="0.172" /><testcase classname="tests.api.test_users" name="test_update_user_by_id[data1]" time="0.168" /><testcase classname="tests.api.test_users" name="test_update_user_by_id[data2]" time="0.178" /><testcase classname="tests.api.test_users" name="test_update_user_by_id[data3]" time="0.190" /><testcase classname="tests.api.test_users" name="test_update_user_by_id[data4]" time="0.176" /><testcase classname="tests.api.test_users" name="test_update_user_by_id[data5]" time="0.173" /><testcase classname="tests.api.test_users" name="test_update_user_by_id[data6]" time="0.172" /><testcase classname="tests.api.test_users" name="test_update_user_by_id[data7]" time="0.171" /><testcase classname="tests.api.test_users" name="test_update_user_by_id[data8]" time="0.203" /><testcase classname="tests.api.test_users" name="test_update_user_by_id[data9]" time="0.194" /><testcase classname="tests.api.test_users" name="test_update_user_by_id[data10]" time="0.200" /><testcase classname="tests.api.test_users" name="test_update_user_by_id[data11]" time="0.164" /><testcase classname="tests.api.test_users" name="test_update_user_by_id[data12]" time="0.169" /><testcase classname="tests.api.test_users" name="test_update_user_by_id_no_entry" time="0.211" /><testcase classname="tests.api.test_users" name="test_delete_user_by_id" time="0.203" /><testcase classname="tests.api.test_users" name="test_delete_user_by_id_no_entry" time="0.184" /><testcase classname="tests.app.test_security" name="test_verify_password" time="0.437" /><testcase classname="tests.app.test_security" name="test_verify_password_false" time="0.142" /><testcase classname="tests.domain.test_auth" name="test_create_token" time="0.187" /><testcase classname="tests.repository.test_users_repo" name="test_get" time="0.189" /><testcase classname="tests.repository.test_users_repo" name="test_get_no_user" time="0.145" /><testcase classname="tests.repository.test_users_repo" name="test_list" time="0.155" /><testcase classname="tests.repository.test_users_repo" name="test_update" time="0.159" /><testcase classname="tests.repository.test_users_repo" name="test_get_by_email" time="0.236" /><testcase classname="tests.repository.test_users_repo" name="test_get_by_email_not_exists" time="0.175" /><testcase classname="tests.repository.test_users_repo" name="test_get_by_email_no_session" time="0.158" /><testcase classname="tests.repository.test_users_repo" name="test_create" time="0.414" /><testcase classname="tests.repository.test_users_repo" name="test_create_no_user" time="0.158" /></testsuite></testsuites>