<?xml version="1.0" encoding="utf-8"?><testsuites><testsuite name="pytest" errors="0" failures="0" skipped="0" tests="41" time="10.533" timestamp="2022-01-03T18:01:51.197699" hostname="Sions-MacBook-Air.local"><testcase classname="tests.api.test_adapters" name="test_create_adapter_no_body" time="0.311" /><testcase classname="tests.api.test_adapters" name="test_create_adapter_no_user" time="0.214" /><testcase classname="tests.api.test_adapters" name="test_create_adapter_standard_user" time="0.212" /><testcase classname="tests.api.test_adapters" name="test_create_adapter" time="0.241" /><testcase classname="tests.api.test_adapters" name="test_create_adapter_conflict" time="0.220" /><testcase classname="tests.api.test_adapters" name="test_fetch_adapters" time="0.238" /><testcase classname="tests.api.test_adapters" name="test_fetch_adapters_empty_db" time="0.230" /><testcase classname="tests.api.test_adapters" name="test_fetch_adapters_not_auth" time="0.224" /><testcase classname="tests.api.test_adapters" name="test_fetch_adapters_auth_as_standard_user" time="0.233" /><testcase classname="tests.api.test_users" name="test_fetch_users" time="0.234" /><testcase classname="tests.api.test_users" name="test_fetch_users_empty_db" time="0.217" /><testcase classname="tests.api.test_users" name="test_fetch_users_not_auth" time="0.223" /><testcase classname="tests.api.test_users" name="test_fetch_users_auth_as_standard_user" time="0.232" /><testcase classname="tests.api.test_users" name="test_update_user_by_id[data0]" time="0.286" /><testcase classname="tests.api.test_users" name="test_update_user_by_id[data1]" time="0.277" /><testcase classname="tests.api.test_users" name="test_update_user_by_id[data2]" time="0.257" /><testcase classname="tests.api.test_users" name="test_update_user_by_id[data3]" time="0.234" /><testcase classname="tests.api.test_users" name="test_update_user_by_id[data4]" time="0.230" /><testcase classname="tests.api.test_users" name="test_update_user_by_id[data5]" time="0.255" /><testcase classname="tests.api.test_users" name="test_update_user_by_id[data6]" time="0.245" /><testcase classname="tests.api.test_users" name="test_update_user_by_id[data7]" time="0.223" /><testcase classname="tests.api.test_users" name="test_update_user_by_id[data8]" time="0.253" /><testcase classname="tests.api.test_users" name="test_update_user_by_id[data9]" time="0.270" /><testcase classname="tests.api.test_users" name="test_update_user_by_id[data10]" time="0.250" /><testcase classname="tests.api.test_users" name="test_update_user_by_id[data11]" time="0.273" /><testcase classname="tests.api.test_users" name="test_update_user_by_id[data12]" time="0.242" /><testcase classname="tests.api.test_users" name="test_update_user_by_id_no_entry" time="0.223" /><testcase classname="tests.api.test_users" name="test_delete_user_by_id" time="0.234" /><testcase classname="tests.api.test_users" name="test_delete_user_by_id_no_entry" time="0.216" /><testcase classname="tests.app.test_security" name="test_verify_password" time="0.467" /><testcase classname="tests.app.test_security" name="test_verify_password_false" time="0.195" /><testcase classname="tests.domain.test_auth" name="test_create_token" time="0.267" /><testcase classname="tests.repository.test_users_repo" name="test_get" time="0.262" /><testcase classname="tests.repository.test_users_repo" name="test_get_no_user" time="0.241" /><testcase classname="tests.repository.test_users_repo" name="test_list" time="0.252" /><testcase classname="tests.repository.test_users_repo" name="test_update" time="0.234" /><testcase classname="tests.repository.test_users_repo" name="test_get_by_email" time="0.217" /><testcase classname="tests.repository.test_users_repo" name="test_get_by_email_not_exists" time="0.253" /><testcase classname="tests.repository.test_users_repo" name="test_get_by_email_no_session" time="0.220" /><testcase classname="tests.repository.test_users_repo" name="test_create" time="0.432" /><testcase classname="tests.repository.test_users_repo" name="test_create_no_user" time="0.197" /></testsuite></testsuites>