<?xml version="1.0" encoding="utf-8"?><testsuites><testsuite name="pytest" errors="0" failures="0" skipped="0" tests="16" time="3.376" timestamp="2021-12-28T13:21:38.610819" hostname="Sions-MacBook-Air.local"><testcase classname="tests.api.test_users" name="test_fetch_users" time="0.274" /><testcase classname="tests.api.test_users" name="test_fetch_users_empty_db" time="0.173" /><testcase classname="tests.api.test_users" name="test_fetch_users_not_auth" time="0.171" /><testcase classname="tests.api.test_users" name="test_fetch_users_auth_as_standard_user" time="0.171" /><testcase classname="tests.app.test_security" name="test_verify_password" time="0.438" /><testcase classname="tests.app.test_security" name="test_verify_password_false" time="0.147" /><testcase classname="tests.domain.test_auth" name="test_create_token" time="0.206" /><testcase classname="tests.repository.test_users_repo" name="test_get" time="0.159" /><testcase classname="tests.repository.test_users_repo" name="test_get_no_user" time="0.146" /><testcase classname="tests.repository.test_users_repo" name="test_list" time="0.168" /><testcase classname="tests.repository.test_users_repo" name="test_update" time="0.179" /><testcase classname="tests.repository.test_users_repo" name="test_get_by_email" time="0.174" /><testcase classname="tests.repository.test_users_repo" name="test_get_by_email_not_exists" time="0.176" /><testcase classname="tests.repository.test_users_repo" name="test_get_by_email_no_session" time="0.165" /><testcase classname="tests.repository.test_users_repo" name="test_create" time="0.430" /><testcase classname="tests.repository.test_users_repo" name="test_create_no_user" time="0.153" /></testsuite></testsuites>