<?xml version="1.0" encoding="utf-8"?><testsuites><testsuite name="pytest" errors="0" failures="0" skipped="0" tests="32" time="6.406" timestamp="2022-01-02T00:50:38.297523" hostname="Sions-MacBook-Air.local"><testcase classname="tests.api.test_users" name="test_fetch_users" time="0.332" /><testcase classname="tests.api.test_users" name="test_fetch_users_empty_db" time="0.164" /><testcase classname="tests.api.test_users" name="test_fetch_users_not_auth" time="0.172" /><testcase classname="tests.api.test_users" name="test_fetch_users_auth_as_standard_user" time="0.177" /><testcase classname="tests.api.test_users" name="test_update_user_by_id[data0]" time="0.177" /><testcase classname="tests.api.test_users" name="test_update_user_by_id[data1]" time="0.188" /><testcase classname="tests.api.test_users" name="test_update_user_by_id[data2]" time="0.196" /><testcase classname="tests.api.test_users" name="test_update_user_by_id[data3]" time="0.192" /><testcase classname="tests.api.test_users" name="test_update_user_by_id[data4]" time="0.185" /><testcase classname="tests.api.test_users" name="test_update_user_by_id[data5]" time="0.193" /><testcase classname="tests.api.test_users" name="test_update_user_by_id[data6]" time="0.174" /><testcase classname="tests.api.test_users" name="test_update_user_by_id[data7]" time="0.187" /><testcase classname="tests.api.test_users" name="test_update_user_by_id[data8]" time="0.177" /><testcase classname="tests.api.test_users" name="test_update_user_by_id[data9]" time="0.181" /><testcase classname="tests.api.test_users" name="test_update_user_by_id[data10]" time="0.189" /><testcase classname="tests.api.test_users" name="test_update_user_by_id[data11]" time="0.181" /><testcase classname="tests.api.test_users" name="test_update_user_by_id[data12]" time="0.186" /><testcase classname="tests.api.test_users" name="test_update_user_by_id_no_entry" time="0.185" /><testcase classname="tests.api.test_users" name="test_delete_user_by_id" time="0.180" /><testcase classname="tests.api.test_users" name="test_delete_user_by_id_no_entry" time="0.174" /><testcase classname="tests.app.test_security" name="test_verify_password" time="0.451" /><testcase classname="tests.app.test_security" name="test_verify_password_false" time="0.148" /><testcase classname="tests.domain.test_auth" name="test_create_token" time="0.195" /><testcase classname="tests.repository.test_users_repo" name="test_get" time="0.161" /><testcase classname="tests.repository.test_users_repo" name="test_get_no_user" time="0.145" /><testcase classname="tests.repository.test_users_repo" name="test_list" time="0.190" /><testcase classname="tests.repository.test_users_repo" name="test_update" time="0.166" /><testcase classname="tests.repository.test_users_repo" name="test_get_by_email" time="0.162" /><testcase classname="tests.repository.test_users_repo" name="test_get_by_email_not_exists" time="0.172" /><testcase classname="tests.repository.test_users_repo" name="test_get_by_email_no_session" time="0.159" /><testcase classname="tests.repository.test_users_repo" name="test_create" time="0.442" /><testcase classname="tests.repository.test_users_repo" name="test_create_no_user" time="0.142" /></testsuite></testsuites>