<?xml version="1.0" encoding="utf-8"?><testsuites><testsuite name="pytest" errors="0" failures="0" skipped="0" tests="32" time="13.533" timestamp="2022-01-31T23:55:40.679081" hostname="Sions-Air.fritz.box"><testcase classname="tests.api.test_adapters" name="test_create_adapter_no_body" time="0.322" /><testcase classname="tests.api.test_adapters" name="test_create_adapter_no_user" time="0.219" /><testcase classname="tests.api.test_adapters" name="test_create_adapter_standard_user" time="0.244" /><testcase classname="tests.api.test_adapters" name="test_create_adapter_volvo_caretrack" time="0.738" /><testcase classname="tests.api.test_adapters" name="test_create_adapter_wacker_neuson_kramer" time="2.154" /><testcase classname="tests.api.test_adapters" name="test_create_adapter_lidat_liebherr" time="0.969" /><testcase classname="tests.api.test_adapters" name="test_create_adapter_takeuchi_tfm" time="1.843" /><testcase classname="tests.api.test_auth" name="test_login" time="0.301" /><testcase classname="tests.api.test_auth" name="test_login_bad_password" time="0.302" /><testcase classname="tests.api.test_auth" name="test_login_user_not_exist" time="0.241" /><testcase classname="tests.api.test_auth" name="test_refresh" time="0.245" /><testcase classname="tests.api.test_auth" name="test_refresh_incorrect_type" time="0.240" /><testcase classname="tests.api.test_users" name="test_fetch_users" time="0.255" /><testcase classname="tests.api.test_users" name="test_fetch_users_empty_db" time="0.243" /><testcase classname="tests.api.test_users" name="test_fetch_users_not_auth" time="0.238" /><testcase classname="tests.api.test_users" name="test_fetch_users_auth_as_standard_user" time="0.244" /><testcase classname="tests.api.test_users" name="test_update_user_by_id" time="0.280" /><testcase classname="tests.api.test_users" name="test_update_user_by_id_no_entry" time="0.245" /><testcase classname="tests.api.test_users" name="test_delete_user_by_id" time="0.258" /><testcase classname="tests.api.test_users" name="test_delete_user_by_id_no_entry" time="0.240" /><testcase classname="tests.app.test_security" name="test_verify_password" time="0.476" /><testcase classname="tests.app.test_security" name="test_verify_password_false" time="0.208" /><testcase classname="tests.domain.test_auth" name="test_create_token" time="0.283" /><testcase classname="tests.repository.test_users_repo" name="test_get" time="0.231" /><testcase classname="tests.repository.test_users_repo" name="test_get_no_user" time="0.238" /><testcase classname="tests.repository.test_users_repo" name="test_list" time="0.253" /><testcase classname="tests.repository.test_users_repo" name="test_update" time="0.246" /><testcase classname="tests.repository.test_users_repo" name="test_get_by_email" time="0.258" /><testcase classname="tests.repository.test_users_repo" name="test_get_by_email_not_exists" time="0.247" /><testcase classname="tests.repository.test_users_repo" name="test_get_by_email_no_session" time="0.248" /><testcase classname="tests.repository.test_users_repo" name="test_create" time="0.471" /><testcase classname="tests.repository.test_users_repo" name="test_create_no_user" time="0.218" /></testsuite></testsuites>