<?xml version="1.0" encoding="utf-8"?><testsuites><testsuite name="pytest" errors="0" failures="0" skipped="0" tests="29" time="5.640" timestamp="2021-12-28T14:50:15.996830" hostname="Sions-MacBook-Air.local"><testcase classname="tests.api.test_users" name="test_fetch_users" time="0.261" /><testcase classname="tests.api.test_users" name="test_fetch_users_empty_db" time="0.164" /><testcase classname="tests.api.test_users" name="test_fetch_users_not_auth" time="0.165" /><testcase classname="tests.api.test_users" name="test_fetch_users_auth_as_standard_user" time="0.170" /><testcase classname="tests.api.test_users" name="test_update_user_by_id[data0]" time="0.180" /><testcase classname="tests.api.test_users" name="test_update_user_by_id[data1]" time="0.180" /><testcase classname="tests.api.test_users" name="test_update_user_by_id[data2]" time="0.193" /><testcase classname="tests.api.test_users" name="test_update_user_by_id[data3]" time="0.174" /><testcase classname="tests.api.test_users" name="test_update_user_by_id[data4]" time="0.177" /><testcase classname="tests.api.test_users" name="test_update_user_by_id[data5]" time="0.182" /><testcase classname="tests.api.test_users" name="test_update_user_by_id[data6]" time="0.174" /><testcase classname="tests.api.test_users" name="test_update_user_by_id[data7]" time="0.176" /><testcase classname="tests.api.test_users" name="test_update_user_by_id[data8]" time="0.193" /><testcase classname="tests.api.test_users" name="test_update_user_by_id[data9]" time="0.183" /><testcase classname="tests.api.test_users" name="test_update_user_by_id[data10]" time="0.182" /><testcase classname="tests.api.test_users" name="test_update_user_by_id[data11]" time="0.177" /><testcase classname="tests.api.test_users" name="test_update_user_by_id[data12]" time="0.194" /><testcase classname="tests.app.test_security" name="test_verify_password" time="0.404" /><testcase classname="tests.app.test_security" name="test_verify_password_false" time="0.143" /><testcase classname="tests.domain.test_auth" name="test_create_token" time="0.186" /><testcase classname="tests.repository.test_users_repo" name="test_get" time="0.160" /><testcase classname="tests.repository.test_users_repo" name="test_get_no_user" time="0.143" /><testcase classname="tests.repository.test_users_repo" name="test_list" time="0.162" /><testcase classname="tests.repository.test_users_repo" name="test_update" time="0.169" /><testcase classname="tests.repository.test_users_repo" name="test_get_by_email" time="0.176" /><testcase classname="tests.repository.test_users_repo" name="test_get_by_email_not_exists" time="0.159" /><testcase classname="tests.repository.test_users_repo" name="test_get_by_email_no_session" time="0.160" /><testcase classname="tests.repository.test_users_repo" name="test_create" time="0.432" /><testcase classname="tests.repository.test_users_repo" name="test_create_no_user" time="0.163" /></testsuite></testsuites>