<?xml version="1.0" encoding="utf-8"?><testsuites><testsuite name="pytest" errors="0" failures="0" skipped="0" tests="32" time="10.370" timestamp="2022-03-16T19:32:54.423076" hostname="9c528bd5f92b"><testcase classname="tests.api.test_adapters" name="test_create_adapter_no_body" time="0.272" /><testcase classname="tests.api.test_adapters" name="test_create_adapter_no_user" time="0.023" /><testcase classname="tests.api.test_adapters" name="test_create_adapter_volvo_caretrack" time="0.563" /><testcase classname="tests.api.test_adapters" name="test_create_adapter_wacker_neuson_kramer" time="2.020" /><testcase classname="tests.api.test_adapters" name="test_create_adapter_lidat_liebherr" time="0.775" /><testcase classname="tests.api.test_adapters" name="test_create_adapter_takeuchi_tfm" time="1.526" /><testcase classname="tests.api.test_auth" name="test_login" time="0.099" /><testcase classname="tests.api.test_auth" name="test_login_bad_password" time="0.091" /><testcase classname="tests.api.test_auth" name="test_login_user_not_exist" time="0.031" /><testcase classname="tests.api.test_auth" name="test_refresh" time="0.026" /><testcase classname="tests.api.test_auth" name="test_refresh_incorrect_type" time="0.025" /><testcase classname="tests.api.test_machines" name="test_fetch_machines_as_admin" time="0.029" /><testcase classname="tests.api.test_machines" name="test_fetch_machines_as_user" time="0.040" /><testcase classname="tests.api.test_users" name="test_fetch_users" time="0.029" /><testcase classname="tests.api.test_users" name="test_fetch_users_empty_db" time="0.027" /><testcase classname="tests.api.test_users" name="test_fetch_users_not_auth" time="0.026" /><testcase classname="tests.api.test_users" name="test_update_user_by_id" time="0.032" /><testcase classname="tests.api.test_users" name="test_update_user_by_id_no_entry" time="0.027" /><testcase classname="tests.api.test_users" name="test_delete_user_by_id" time="0.030" /><testcase classname="tests.api.test_users" name="test_delete_user_by_id_no_entry" time="0.027" /><testcase classname="tests.app.test_security" name="test_verify_password" time="0.256" /><testcase classname="tests.app.test_security" name="test_verify_password_false" time="0.001" /><testcase classname="tests.domain.test_auth" name="test_create_token" time="0.087" /><testcase classname="tests.repository.test_users_repo" name="test_get" time="0.013" /><testcase classname="tests.repository.test_users_repo" name="test_get_no_user" time="0.002" /><testcase classname="tests.repository.test_users_repo" name="test_list" time="0.012" /><testcase classname="tests.repository.test_users_repo" name="test_update" time="0.008" /><testcase classname="tests.repository.test_users_repo" name="test_get_by_email" time="0.011" /><testcase classname="tests.repository.test_users_repo" name="test_get_by_email_not_exists" time="0.011" /><testcase classname="tests.repository.test_users_repo" name="test_get_by_email_no_session" time="0.010" /><testcase classname="tests.repository.test_users_repo" name="test_create" time="0.254" /><testcase classname="tests.repository.test_users_repo" name="test_create_no_user" time="0.040" /></testsuite></testsuites>