<?xml version="1.0" encoding="utf-8"?><testsuites><testsuite name="pytest" errors="0" failures="0" skipped="0" tests="3" time="0.166" timestamp="2022-01-02T12:53:43.693830" hostname="Sions-MacBook-Air.local"><testcase classname="tests.test_get_mercedes_telematics" name="test_get_vehicle_id_list" time="0.029" /><testcase classname="tests.test_get_mercedes_telematics" name="test_get_vehicle_details" time="0.001" /><testcase classname="tests.test_get_mercedes_telematics" name="test_get_timeseries_information" time="0.003" /></testsuite></testsuites>